# JRE version: Java(TM) SE Runtime Environment (7.0_51-b13) (build 1.7.0_51-b13)
# Java VM: Java HotSpot(TM) 64-Bit Server VM (24.51-b03 mixed mode windows-amd64 compressed oops)
Heap
 PSYoungGen      total 38400K, used 14519K [0x00000007d5c00000, 0x00000007d8680000, 0x0000000800000000)
  eden space 33280K, 28% used [0x00000007d5c00000,0x00000007d6531d30,0x00000007d7c80000)
  from space 5120K, 99% used [0x00000007d8180000,0x00000007d867c070,0x00000007d8680000)
  to   space 5120K, 0% used [0x00000007d7c80000,0x00000007d7c80000,0x00000007d8180000)
 ParOldGen       total 86528K, used 7039K [0x0000000781400000, 0x0000000786880000, 0x00000007d5c00000)
  object space 86528K, 8% used [0x0000000781400000,0x0000000781adfec0,0x0000000786880000)
 PSPermGen       total 21504K, used 17653K [0x000000077c200000, 0x000000077d700000, 0x0000000781400000)
  object space 21504K, 82% used [0x000000077c200000,0x000000077d33d560,0x000000077d700000)
GC Heap History (8 events):
Event: 1.343 GC heap before
{Heap before GC invocations=1 (full 0):
 PSYoungGen      total 38400K, used 33280K [0x00000007d5c00000, 0x00000007d8680000, 0x0000000800000000)
  eden space 33280K, 100% used [0x00000007d5c00000,0x00000007d7c80000,0x00000007d7c80000)
  from space 5120K, 0% used [0x00000007d8180000,0x00000007d8180000,0x00000007d8680000)
  to   space 5120K, 0% used [0x00000007d7c80000,0x00000007d7c80000,0x00000007d8180000)
 ParOldGen       total 86528K, used 0K [0x0000000781400000, 0x0000000786880000, 0x00000007d5c00000)
  object space 86528K, 0% used [0x0000000781400000,0x0000000781400000,0x0000000786880000)
 PSPermGen       total 21504K, used 9569K [0x000000077c200000, 0x000000077d700000, 0x0000000781400000)
  object space 21504K, 44% used [0x000000077c200000,0x000000077cb58408,0x000000077d700000)
Event: 1.348 GC heap after
Heap after GC invocations=1 (full 0):
 PSYoungGen      total 38400K, used 5103K [0x00000007d5c00000, 0x00000007d8680000, 0x0000000800000000)
  eden space 33280K, 0% used [0x00000007d5c00000,0x00000007d5c00000,0x00000007d7c80000)
  from space 5120K, 99% used [0x00000007d7c80000,0x00000007d817bdf0,0x00000007d8180000)
  to   space 5120K, 0% used [0x00000007d8180000,0x00000007d8180000,0x00000007d8680000)
 ParOldGen       total 86528K, used 1120K [0x0000000781400000, 0x0000000786880000, 0x00000007d5c00000)
  object space 86528K, 1% used [0x0000000781400000,0x00000007815182f0,0x0000000786880000)
 PSPermGen       total 21504K, used 9569K [0x000000077c200000, 0x000000077d700000, 0x0000000781400000)
  object space 21504K, 44% used [0x000000077c200000,0x000000077cb58408,0x000000077d700000)
}
Event: 3.357 GC heap before
{Heap before GC invocations=2 (full 0):
 PSYoungGen      total 38400K, used 38383K [0x00000007d5c00000, 0x00000007d8680000, 0x0000000800000000)
  eden space 33280K, 100% used [0x00000007d5c00000,0x00000007d7c80000,0x00000007d7c80000)
  from space 5120K, 99% used [0x00000007d7c80000,0x00000007d817bdf0,0x00000007d8180000)
  to   space 5120K, 0% used [0x00000007d8180000,0x00000007d8180000,0x00000007d8680000)
 ParOldGen       total 86528K, used 1120K [0x0000000781400000, 0x0000000786880000, 0x00000007d5c00000)
  object space 86528K, 1% used [0x0000000781400000,0x00000007815182f0,0x0000000786880000)
 PSPermGen       total 21504K, used 14552K [0x000000077c200000, 0x000000077d700000, 0x0000000781400000)
  object space 21504K, 67% used [0x000000077c200000,0x000000077d036360,0x000000077d700000)
Event: 3.364 GC heap after
Heap after GC invocations=2 (full 0):
 PSYoungGen      total 38400K, used 5116K [0x00000007d5c00000, 0x00000007d8680000, 0x0000000800000000)
  eden space 33280K, 0% used [0x00000007d5c00000,0x00000007d5c00000,0x00000007d7c80000)
  from space 5120K, 99% used [0x00000007d8180000,0x00000007d867f048,0x00000007d8680000)
  to   space 5120K, 0% used [0x00000007d7c80000,0x00000007d7c80000,0x00000007d8180000)
 ParOldGen       total 86528K, used 3797K [0x0000000781400000, 0x0000000786880000, 0x00000007d5c00000)
  object space 86528K, 4% used [0x0000000781400000,0x00000007817b57f0,0x0000000786880000)
 PSPermGen       total 21504K, used 14552K [0x000000077c200000, 0x000000077d700000, 0x0000000781400000)
  object space 21504K, 67% used [0x000000077c200000,0x000000077d036360,0x000000077d700000)
}
Event: 3.861 GC heap before
{Heap before GC invocations=3 (full 0):
 PSYoungGen      total 38400K, used 38396K [0x00000007d5c00000, 0x00000007d8680000, 0x0000000800000000)
  eden space 33280K, 100% used [0x00000007d5c00000,0x00000007d7c80000,0x00000007d7c80000)
  from space 5120K, 99% used [0x00000007d8180000,0x00000007d867f048,0x00000007d8680000)
  to   space 5120K, 0% used [0x00000007d7c80000,0x00000007d7c80000,0x00000007d8180000)
 ParOldGen       total 86528K, used 3797K [0x0000000781400000, 0x0000000786880000, 0x00000007d5c00000)
  object space 86528K, 4% used [0x0000000781400000,0x00000007817b57f0,0x0000000786880000)
 PSPermGen       total 21504K, used 17316K [0x000000077c200000, 0x000000077d700000, 0x0000000781400000)
  object space 21504K, 80% used [0x000000077c200000,0x000000077d2e93d8,0x000000077d700000)
Event: 3.871 GC heap after
Heap after GC invocations=3 (full 0):
 PSYoungGen      total 38400K, used 5088K [0x00000007d5c00000, 0x00000007d8680000, 0x0000000800000000)
  eden space 33280K, 0% used [0x00000007d5c00000,0x00000007d5c00000,0x00000007d7c80000)
  from space 5120K, 99% used [0x00000007d7c80000,0x00000007d8178050,0x00000007d8180000)
  to   space 5120K, 0% used [0x00000007d8180000,0x00000007d8180000,0x00000007d8680000)
 ParOldGen       total 86528K, used 6850K [0x0000000781400000, 0x0000000786880000, 0x00000007d5c00000)
  object space 86528K, 7% used [0x0000000781400000,0x0000000781ab0b40,0x0000000786880000)
 PSPermGen       total 21504K, used 17316K [0x000000077c200000, 0x000000077d700000, 0x0000000781400000)
  object space 21504K, 80% used [0x000000077c200000,0x000000077d2e93d8,0x000000077d700000)
}
Event: 124.441 GC heap before
{Heap before GC invocations=4 (full 0):
 PSYoungGen      total 38400K, used 38368K [0x00000007d5c00000, 0x00000007d8680000, 0x0000000800000000)
  eden space 33280K, 100% used [0x00000007d5c00000,0x00000007d7c80000,0x00000007d7c80000)
  from space 5120K, 99% used [0x00000007d7c80000,0x00000007d8178050,0x00000007d8180000)
  to   space 5120K, 0% used [0x00000007d8180000,0x00000007d8180000,0x00000007d8680000)
 ParOldGen       total 86528K, used 6850K [0x0000000781400000, 0x0000000786880000, 0x00000007d5c00000)
  object space 86528K, 7% used [0x0000000781400000,0x0000000781ab0b40,0x0000000786880000)
 PSPermGen       total 21504K, used 17511K [0x000000077c200000, 0x000000077d700000, 0x0000000781400000)
  object space 21504K, 81% used [0x000000077c200000,0x000000077d319c90,0x000000077d700000)
Event: 124.446 GC heap after
Heap after GC invocations=4 (full 0):
 PSYoungGen      total 38400K, used 5104K [0x00000007d5c00000, 0x00000007d8680000, 0x0000000800000000)
  eden space 33280K, 0% used [0x00000007d5c00000,0x00000007d5c00000,0x00000007d7c80000)
  from space 5120K, 99% used [0x00000007d8180000,0x00000007d867c070,0x00000007d8680000)
  to   space 5120K, 0% used [0x00000007d7c80000,0x00000007d7c80000,0x00000007d8180000)
 ParOldGen       total 86528K, used 7039K [0x0000000781400000, 0x0000000786880000, 0x00000007d5c00000)
  object space 86528K, 8% used [0x0000000781400000,0x0000000781adfec0,0x0000000786880000)
 PSPermGen       total 21504K, used 17511K [0x000000077c200000, 0x000000077d700000, 0x0000000781400000)
  object space 21504K, 81% used [0x000000077c200000,0x000000077d319c90,0x000000077d700000)
}

